# JRE version: OpenJDK Runtime Environment (21.0.8) (build 21.0.8+-14196175-b1038.72)
# Java VM: OpenJDK 64-Bit Server VM (21.0.8+-14196175-b1038.72, mixed mode, tiered, compressed oops, compressed class ptrs, g1 gc, windows-amd64)
GC Precious Log:
 CardTable entry size: 512
 Card Set container configuration: InlinePtr #cards 5 size 8 Array Of Cards #cards 12 size 40 Howl #buckets 4 coarsen threshold 1843 Howl Bitmap #cards 512 size 80 coarsen threshold 460 Card regions per heap region 1 cards per card region 2048
 CPUs: 12 total, 12 available
 Memory: 7916M
 Large Page Support: Disabled
 NUMA Support: Disabled
 Compressed Oops: Enabled (32-bit)
 Heap Region Size: 1M
 Heap Min Capacity: 8M
 Heap Initial Capacity: 124M
 Heap Max Capacity: 2G
 Pre-touch: Disabled
 Parallel Workers: 10
 Concurrent Workers: 3
 Concurrent Refinement Workers: 10
 Periodic GC: Disabled
Heap:
 garbage-first heap   total 111616K, used 90134K [0x0000000080000000, 0x0000000100000000)
  region size 1024K, 23 young (23552K), 3 survivors (3072K)
 Metaspace       used 55008K, committed 56320K, reserved 1114112K
  class space    used 7681K, committed 8320K, reserved 1048576K
GC Heap History (20 events):
Event: 1.036 GC heap before
{Heap before GC invocations=1 (full 0):
 garbage-first heap   total 126976K, used 39552K [0x0000000080000000, 0x0000000100000000)
  region size 1024K, 31 young (31744K), 3 survivors (3072K)
 Metaspace       used 12069K, committed 12288K, reserved 1114112K
  class space    used 1294K, committed 1408K, reserved 1048576K
}
Event: 1.043 GC heap after
{Heap after GC invocations=2 (full 0):
 garbage-first heap   total 126976K, used 14065K [0x0000000080000000, 0x0000000100000000)
  region size 1024K, 3 young (3072K), 3 survivors (3072K)
 Metaspace       used 12069K, committed 12288K, reserved 1114112K
  class space    used 1294K, committed 1408K, reserved 1048576K
}
Event: 1.685 GC heap before
{Heap before GC invocations=2 (full 0):
 garbage-first heap   total 126976K, used 48881K [0x0000000080000000, 0x0000000100000000)
  region size 1024K, 39 young (39936K), 3 survivors (3072K)
 Metaspace       used 21196K, committed 21504K, reserved 1114112K
  class space    used 2532K, committed 2688K, reserved 1048576K
}
Event: 1.692 GC heap after
{Heap after GC invocations=3 (full 0):
 garbage-first heap   total 126976K, used 19329K [0x0000000080000000, 0x0000000100000000)
  region size 1024K, 8 young (8192K), 8 survivors (8192K)
 Metaspace       used 21196K, committed 21504K, reserved 1114112K
  class space    used 2532K, committed 2688K, reserved 1048576K
}
Event: 2.474 GC heap before
{Heap before GC invocations=4 (full 0):
 garbage-first heap   total 65536K, used 65409K [0x0000000080000000, 0x0000000100000000)
  region size 1024K, 53 young (54272K), 8 survivors (8192K)
 Metaspace       used 28677K, committed 29184K, reserved 1114112K
  class space    used 3804K, committed 4032K, reserved 1048576K
}
Event: 2.482 GC heap after
{Heap after GC invocations=5 (full 0):
 garbage-first heap   total 77824K, used 22539K [0x0000000080000000, 0x0000000100000000)
  region size 1024K, 4 young (4096K), 4 survivors (4096K)
 Metaspace       used 28677K, committed 29184K, reserved 1114112K
  class space    used 3804K, committed 4032K, reserved 1048576K
}
Event: 3.294 GC heap before
{Heap before GC invocations=5 (full 0):
 garbage-first heap   total 80896K, used 78859K [0x0000000080000000, 0x0000000100000000)
  region size 1024K, 37 young (37888K), 4 survivors (4096K)
 Metaspace       used 33035K, committed 33728K, reserved 1114112K
  class space    used 4578K, committed 4928K, reserved 1048576K
}
Event: 3.300 GC heap after
{Heap after GC invocations=6 (full 0):
 garbage-first heap   total 109568K, used 51223K [0x0000000080000000, 0x0000000100000000)
  region size 1024K, 5 young (5120K), 5 survivors (5120K)
 Metaspace       used 33035K, committed 33728K, reserved 1114112K
  class space    used 4578K, committed 4928K, reserved 1048576K
}
Event: 3.303 GC heap before
{Heap before GC invocations=6 (full 0):
 garbage-first heap   total 109568K, used 51223K [0x0000000080000000, 0x0000000100000000)
  region size 1024K, 7 young (7168K), 5 survivors (5120K)
 Metaspace       used 33037K, committed 33728K, reserved 1114112K
  class space    used 4578K, committed 4928K, reserved 1048576K
}
Event: 3.306 GC heap after
{Heap after GC invocations=7 (full 0):
 garbage-first heap   total 109568K, used 52388K [0x0000000080000000, 0x0000000100000000)
  region size 1024K, 1 young (1024K), 1 survivors (1024K)
 Metaspace       used 33037K, committed 33728K, reserved 1114112K
  class space    used 4578K, committed 4928K, reserved 1048576K
}
Event: 3.840 GC heap before
{Heap before GC invocations=8 (full 0):
 garbage-first heap   total 109568K, used 91300K [0x0000000080000000, 0x0000000100000000)
  region size 1024K, 34 young (34816K), 1 survivors (1024K)
 Metaspace       used 37268K, committed 38208K, reserved 1114112K
  class space    used 5293K, committed 5760K, reserved 1048576K
}
Event: 3.843 GC heap after
{Heap after GC invocations=9 (full 0):
 garbage-first heap   total 109568K, used 60476K [0x0000000080000000, 0x0000000100000000)
  region size 1024K, 4 young (4096K), 4 survivors (4096K)
 Metaspace       used 37268K, committed 38208K, reserved 1114112K
  class space    used 5293K, committed 5760K, reserved 1048576K
}
Event: 4.324 GC heap before
{Heap before GC invocations=9 (full 0):
 garbage-first heap   total 109568K, used 91196K [0x0000000080000000, 0x0000000100000000)
  region size 1024K, 35 young (35840K), 4 survivors (4096K)
 Metaspace       used 42404K, committed 43456K, reserved 1114112K
  class space    used 6027K, committed 6528K, reserved 1048576K
}
Event: 4.328 GC heap after
{Heap after GC invocations=10 (full 0):
 garbage-first heap   total 109568K, used 61707K [0x0000000080000000, 0x0000000100000000)
  region size 1024K, 5 young (5120K), 5 survivors (5120K)
 Metaspace       used 42404K, committed 43456K, reserved 1114112K
  class space    used 6027K, committed 6528K, reserved 1048576K
}
Event: 4.608 GC heap before
{Heap before GC invocations=10 (full 0):
 garbage-first heap   total 109568K, used 92427K [0x0000000080000000, 0x0000000100000000)
  region size 1024K, 36 young (36864K), 5 survivors (5120K)
 Metaspace       used 46376K, committed 47488K, reserved 1114112K
  class space    used 6444K, committed 6976K, reserved 1048576K
}
Event: 4.614 GC heap after
{Heap after GC invocations=11 (full 0):
 garbage-first heap   total 109568K, used 65881K [0x0000000080000000, 0x0000000100000000)
  region size 1024K, 5 young (5120K), 5 survivors (5120K)
 Metaspace       used 46376K, committed 47488K, reserved 1114112K
  class space    used 6444K, committed 6976K, reserved 1048576K
}
Event: 5.185 GC heap before
{Heap before GC invocations=12 (full 0):
 garbage-first heap   total 111616K, used 100697K [0x0000000080000000, 0x0000000100000000)
  region size 1024K, 34 young (34816K), 5 survivors (5120K)
 Metaspace       used 50252K, committed 51520K, reserved 1114112K
  class space    used 6924K, committed 7552K, reserved 1048576K
}
Event: 5.190 GC heap after
{Heap after GC invocations=13 (full 0):
 garbage-first heap   total 111616K, used 69179K [0x0000000080000000, 0x0000000100000000)
  region size 1024K, 3 young (3072K), 3 survivors (3072K)
 Metaspace       used 50252K, committed 51520K, reserved 1114112K
  class space    used 6924K, committed 7552K, reserved 1048576K
}
Event: 5.667 GC heap before
{Heap before GC invocations=13 (full 0):
 garbage-first heap   total 111616K, used 98875K [0x0000000080000000, 0x0000000100000000)
  region size 1024K, 32 young (32768K), 3 survivors (3072K)
 Metaspace       used 54588K, committed 55872K, reserved 1114112K
  class space    used 7653K, committed 8256K, reserved 1048576K
}
Event: 5.672 GC heap after
{Heap after GC invocations=14 (full 0):
 garbage-first heap   total 111616K, used 70678K [0x0000000080000000, 0x0000000100000000)
  region size 1024K, 3 young (3072K), 3 survivors (3072K)
 Metaspace       used 54588K, committed 55872K, reserved 1114112K
  class space    used 7653K, committed 8256K, reserved 1048576K
}

