# JRE version: OpenJDK Runtime Environment (21.0.8) (build 21.0.8+-14196175-b1038.72)
# Java VM: OpenJDK 64-Bit Server VM (21.0.8+-14196175-b1038.72, mixed mode, tiered, compressed oops, compressed class ptrs, g1 gc, windows-amd64)
GC Precious Log:
 CardTable entry size: 512
 Card Set container configuration: InlinePtr #cards 5 size 8 Array Of Cards #cards 12 size 40 Howl #buckets 4 coarsen threshold 1843 Howl Bitmap #cards 512 size 80 coarsen threshold 460 Card regions per heap region 1 cards per card region 2048
 CPUs: 12 total, 12 available
 Memory: 7916M
 Large Page Support: Disabled
 NUMA Support: Disabled
 Compressed Oops: Enabled (32-bit)
 Heap Region Size: 1M
 Heap Min Capacity: 8M
 Heap Initial Capacity: 124M
 Heap Max Capacity: 2G
 Pre-touch: Disabled
 Parallel Workers: 10
 Concurrent Workers: 3
 Concurrent Refinement Workers: 10
 Periodic GC: Disabled
Heap:
 garbage-first heap   total 326656K, used 243176K [0x0000000080000000, 0x0000000100000000)
  region size 1024K, 49 young (50176K), 1 survivors (1024K)
 Metaspace       used 133968K, committed 139200K, reserved 1179648K
  class space    used 17938K, committed 19776K, reserved 1048576K
GC Heap History (20 events):
Event: 709.625 GC heap before
{Heap before GC invocations=40 (full 0):
 garbage-first heap   total 252928K, used 223092K [0x0000000080000000, 0x0000000100000000)
  region size 1024K, 76 young (77824K), 5 survivors (5120K)
 Metaspace       used 123575K, committed 125632K, reserved 1179648K
  class space    used 17249K, committed 18240K, reserved 1048576K
}
Event: 709.631 GC heap after
{Heap after GC invocations=41 (full 0):
 garbage-first heap   total 252928K, used 145634K [0x0000000080000000, 0x0000000100000000)
  region size 1024K, 2 young (2048K), 2 survivors (2048K)
 Metaspace       used 123575K, committed 125632K, reserved 1179648K
  class space    used 17249K, committed 18240K, reserved 1048576K
}
Event: 712.095 GC heap before
{Heap before GC invocations=41 (full 0):
 garbage-first heap   total 252928K, used 240866K [0x0000000080000000, 0x0000000100000000)
  region size 1024K, 91 young (93184K), 2 survivors (2048K)
 Metaspace       used 127703K, committed 129792K, reserved 1179648K
  class space    used 17599K, committed 18624K, reserved 1048576K
}
Event: 712.107 GC heap after
{Heap after GC invocations=42 (full 0):
 garbage-first heap   total 252928K, used 152139K [0x0000000080000000, 0x0000000100000000)
  region size 1024K, 9 young (9216K), 9 survivors (9216K)
 Metaspace       used 127703K, committed 129792K, reserved 1179648K
  class space    used 17599K, committed 18624K, reserved 1048576K
}
Event: 714.513 GC heap before
{Heap before GC invocations=42 (full 0):
 garbage-first heap   total 252928K, used 228939K [0x0000000080000000, 0x0000000100000000)
  region size 1024K, 85 young (87040K), 9 survivors (9216K)
 Metaspace       used 132732K, committed 134848K, reserved 1179648K
  class space    used 18203K, committed 19200K, reserved 1048576K
}
Event: 714.529 GC heap after
{Heap after GC invocations=43 (full 0):
 garbage-first heap   total 252928K, used 158605K [0x0000000080000000, 0x0000000100000000)
  region size 1024K, 7 young (7168K), 7 survivors (7168K)
 Metaspace       used 132732K, committed 134848K, reserved 1179648K
  class space    used 18203K, committed 19200K, reserved 1048576K
}
Event: 716.124 GC heap before
{Heap before GC invocations=44 (full 0):
 garbage-first heap   total 266240K, used 230285K [0x0000000080000000, 0x0000000100000000)
  region size 1024K, 78 young (79872K), 7 survivors (7168K)
 Metaspace       used 135224K, committed 137344K, reserved 1179648K
  class space    used 18498K, committed 19520K, reserved 1048576K
}
Event: 716.137 GC heap after
{Heap after GC invocations=45 (full 0):
 garbage-first heap   total 266240K, used 165025K [0x0000000080000000, 0x0000000100000000)
  region size 1024K, 7 young (7168K), 7 survivors (7168K)
 Metaspace       used 135224K, committed 137344K, reserved 1179648K
  class space    used 18498K, committed 19520K, reserved 1048576K
}
Event: 3318.597 GC heap before
{Heap before GC invocations=45 (full 0):
 garbage-first heap   total 266240K, used 243873K [0x0000000080000000, 0x0000000100000000)
  region size 1024K, 85 young (87040K), 7 survivors (7168K)
 Metaspace       used 136392K, committed 138560K, reserved 1179648K
  class space    used 18639K, committed 19712K, reserved 1048576K
}
Event: 3318.713 GC heap after
{Heap after GC invocations=46 (full 0):
 garbage-first heap   total 266240K, used 167882K [0x0000000080000000, 0x0000000100000000)
  region size 1024K, 4 young (4096K), 4 survivors (4096K)
 Metaspace       used 136392K, committed 138560K, reserved 1179648K
  class space    used 18639K, committed 19712K, reserved 1048576K
}
Event: 3756.245 GC heap before
{Heap before GC invocations=46 (full 0):
 garbage-first heap   total 266240K, used 246730K [0x0000000080000000, 0x0000000100000000)
  region size 1024K, 82 young (83968K), 4 survivors (4096K)
 Metaspace       used 136869K, committed 139072K, reserved 1179648K
  class space    used 18651K, committed 19712K, reserved 1048576K
}
Event: 3756.397 GC heap after
{Heap after GC invocations=47 (full 0):
 garbage-first heap   total 266240K, used 173413K [0x0000000080000000, 0x0000000100000000)
  region size 1024K, 9 young (9216K), 9 survivors (9216K)
 Metaspace       used 136869K, committed 139072K, reserved 1179648K
  class space    used 18651K, committed 19712K, reserved 1048576K
}
Event: 3858.255 GC heap before
{Heap before GC invocations=48 (full 0):
 garbage-first heap   total 290816K, used 250213K [0x0000000080000000, 0x0000000100000000)
  region size 1024K, 75 young (76800K), 9 survivors (9216K)
 Metaspace       used 134088K, committed 139072K, reserved 1179648K
  class space    used 17968K, committed 19712K, reserved 1048576K
}
Event: 3858.337 GC heap after
{Heap after GC invocations=49 (full 0):
 garbage-first heap   total 290816K, used 198081K [0x0000000080000000, 0x0000000100000000)
  region size 1024K, 10 young (10240K), 10 survivors (10240K)
 Metaspace       used 134088K, committed 139072K, reserved 1179648K
  class space    used 17968K, committed 19712K, reserved 1048576K
}
Event: 3879.344 GC heap before
{Heap before GC invocations=49 (full 0):
 garbage-first heap   total 290816K, used 260545K [0x0000000080000000, 0x0000000100000000)
  region size 1024K, 72 young (73728K), 10 survivors (10240K)
 Metaspace       used 134088K, committed 139072K, reserved 1179648K
  class space    used 17968K, committed 19712K, reserved 1048576K
}
Event: 3879.385 GC heap after
{Heap after GC invocations=50 (full 0):
 garbage-first heap   total 290816K, used 197123K [0x0000000080000000, 0x0000000100000000)
  region size 1024K, 2 young (2048K), 2 survivors (2048K)
 Metaspace       used 134088K, committed 139072K, reserved 1179648K
  class space    used 17968K, committed 19712K, reserved 1048576K
}
Event: 3904.867 GC heap before
{Heap before GC invocations=50 (full 0):
 garbage-first heap   total 290816K, used 266755K [0x0000000080000000, 0x0000000100000000)
  region size 1024K, 70 young (71680K), 2 survivors (2048K)
 Metaspace       used 134088K, committed 139072K, reserved 1179648K
  class space    used 17968K, committed 19712K, reserved 1048576K
}
Event: 3904.884 GC heap after
{Heap after GC invocations=51 (full 0):
 garbage-first heap   total 290816K, used 196161K [0x0000000080000000, 0x0000000100000000)
  region size 1024K, 1 young (1024K), 1 survivors (1024K)
 Metaspace       used 134088K, committed 139072K, reserved 1179648K
  class space    used 17968K, committed 19712K, reserved 1048576K
}
Event: 3930.494 GC heap before
{Heap before GC invocations=52 (full 0):
 garbage-first heap   total 326656K, used 269889K [0x0000000080000000, 0x0000000100000000)
  region size 1024K, 74 young (75776K), 1 survivors (1024K)
 Metaspace       used 133845K, committed 139072K, reserved 1179648K
  class space    used 17925K, committed 19712K, reserved 1048576K
}
Event: 3930.506 GC heap after
{Heap after GC invocations=53 (full 0):
 garbage-first heap   total 326656K, used 195048K [0x0000000080000000, 0x0000000100000000)
  region size 1024K, 1 young (1024K), 1 survivors (1024K)
 Metaspace       used 133845K, committed 139072K, reserved 1179648K
  class space    used 17925K, committed 19712K, reserved 1048576K
}

