# JRE version: OpenJDK Runtime Environment (21.0.8) (build 21.0.8+-14196175-b1038.72)
# Java VM: OpenJDK 64-Bit Server VM (21.0.8+-14196175-b1038.72, mixed mode, tiered, compressed oops, compressed class ptrs, g1 gc, windows-amd64)
GC Precious Log:
 CardTable entry size: 512
 Card Set container configuration: InlinePtr #cards 5 size 8 Array Of Cards #cards 12 size 40 Howl #buckets 4 coarsen threshold 1843 Howl Bitmap #cards 512 size 80 coarsen threshold 460 Card regions per heap region 1 cards per card region 2048
 CPUs: 12 total, 12 available
 Memory: 7916M
 Large Page Support: Disabled
 NUMA Support: Disabled
 Compressed Oops: Enabled (32-bit)
 Heap Region Size: 1M
 Heap Min Capacity: 8M
 Heap Initial Capacity: 124M
 Heap Max Capacity: 2G
 Pre-touch: Disabled
 Parallel Workers: 10
 Concurrent Workers: 3
 Concurrent Refinement Workers: 10
 Periodic GC: Disabled
Heap:
 garbage-first heap   total 314368K, used 201642K [0x0000000080000000, 0x0000000100000000)
  region size 1024K, 12 young (12288K), 11 survivors (11264K)
 Metaspace       used 160698K, committed 162944K, reserved 1245184K
  class space    used 20822K, committed 21888K, reserved 1048576K
GC Heap History (20 events):
Event: 100.209 GC heap before
{Heap before GC invocations=98 (full 0):
 garbage-first heap   total 289792K, used 165202K [0x0000000080000000, 0x0000000100000000)
  region size 1024K, 24 young (24576K), 9 survivors (9216K)
 Metaspace       used 112674K, committed 114688K, reserved 1179648K
  class space    used 15305K, committed 16256K, reserved 1048576K
}
Event: 100.222 GC heap after
{Heap after GC invocations=99 (full 0):
 garbage-first heap   total 289792K, used 153046K [0x0000000080000000, 0x0000000100000000)
  region size 1024K, 2 young (2048K), 2 survivors (2048K)
 Metaspace       used 112674K, committed 114688K, reserved 1179648K
  class space    used 15305K, committed 16256K, reserved 1048576K
}
Event: 105.350 GC heap before
{Heap before GC invocations=100 (full 0):
 garbage-first heap   total 289792K, used 265686K [0x0000000080000000, 0x0000000100000000)
  region size 1024K, 111 young (113664K), 2 survivors (2048K)
 Metaspace       used 120286K, committed 122304K, reserved 1179648K
  class space    used 16222K, committed 17152K, reserved 1048576K
}
Event: 105.367 GC heap after
{Heap after GC invocations=101 (full 0):
 garbage-first heap   total 289792K, used 159901K [0x0000000080000000, 0x0000000100000000)
  region size 1024K, 9 young (9216K), 9 survivors (9216K)
 Metaspace       used 120286K, committed 122304K, reserved 1179648K
  class space    used 16222K, committed 17152K, reserved 1048576K
}
Event: 108.402 GC heap before
{Heap before GC invocations=101 (full 0):
 garbage-first heap   total 289792K, used 264349K [0x0000000080000000, 0x0000000100000000)
  region size 1024K, 111 young (113664K), 9 survivors (9216K)
 Metaspace       used 135319K, committed 137344K, reserved 1179648K
  class space    used 17797K, committed 18752K, reserved 1048576K
}
Event: 108.428 GC heap after
{Heap after GC invocations=102 (full 0):
 garbage-first heap   total 289792K, used 164023K [0x0000000080000000, 0x0000000100000000)
  region size 1024K, 6 young (6144K), 6 survivors (6144K)
 Metaspace       used 135319K, committed 137344K, reserved 1179648K
  class space    used 17797K, committed 18752K, reserved 1048576K
}
Event: 109.124 GC heap before
{Heap before GC invocations=102 (full 0):
 garbage-first heap   total 289792K, used 189623K [0x0000000080000000, 0x0000000100000000)
  region size 1024K, 33 young (33792K), 6 survivors (6144K)
 Metaspace       used 138739K, committed 140736K, reserved 1179648K
  class space    used 18118K, committed 19072K, reserved 1048576K
}
Event: 109.135 GC heap after
{Heap after GC invocations=103 (full 0):
 garbage-first heap   total 289792K, used 166960K [0x0000000080000000, 0x0000000100000000)
  region size 1024K, 8 young (8192K), 8 survivors (8192K)
 Metaspace       used 138739K, committed 140736K, reserved 1179648K
  class space    used 18118K, committed 19072K, reserved 1048576K
}
Event: 115.723 GC heap before
{Heap before GC invocations=104 (full 0):
 garbage-first heap   total 289792K, used 270384K [0x0000000080000000, 0x0000000100000000)
  region size 1024K, 104 young (106496K), 8 survivors (8192K)
 Metaspace       used 149023K, committed 151232K, reserved 1179648K
  class space    used 19541K, committed 20608K, reserved 1048576K
}
Event: 115.744 GC heap after
{Heap after GC invocations=105 (full 0):
 garbage-first heap   total 289792K, used 176482K [0x0000000080000000, 0x0000000100000000)
  region size 1024K, 10 young (10240K), 10 survivors (10240K)
 Metaspace       used 149023K, committed 151232K, reserved 1179648K
  class space    used 19541K, committed 20608K, reserved 1048576K
}
Event: 118.059 GC heap before
{Heap before GC invocations=105 (full 0):
 garbage-first heap   total 289792K, used 269666K [0x0000000080000000, 0x0000000100000000)
  region size 1024K, 95 young (97280K), 10 survivors (10240K)
 Metaspace       used 156225K, committed 158464K, reserved 1245184K
  class space    used 20503K, committed 21568K, reserved 1048576K
}
Event: 118.079 GC heap after
{Heap after GC invocations=106 (full 0):
 garbage-first heap   total 289792K, used 182535K [0x0000000080000000, 0x0000000100000000)
  region size 1024K, 8 young (8192K), 8 survivors (8192K)
 Metaspace       used 156225K, committed 158464K, reserved 1245184K
  class space    used 20503K, committed 21568K, reserved 1048576K
}
Event: 118.263 GC heap before
{Heap before GC invocations=106 (full 0):
 garbage-first heap   total 289792K, used 190727K [0x0000000080000000, 0x0000000100000000)
  region size 1024K, 17 young (17408K), 8 survivors (8192K)
 Metaspace       used 156917K, committed 159168K, reserved 1245184K
  class space    used 20597K, committed 21696K, reserved 1048576K
}
Event: 118.274 GC heap after
{Heap after GC invocations=107 (full 0):
 garbage-first heap   total 289792K, used 183027K [0x0000000080000000, 0x0000000100000000)
  region size 1024K, 2 young (2048K), 2 survivors (2048K)
 Metaspace       used 156917K, committed 159168K, reserved 1245184K
  class space    used 20597K, committed 21696K, reserved 1048576K
}
Event: 122.772 GC heap before
{Heap before GC invocations=108 (full 0):
 garbage-first heap   total 314368K, used 275187K [0x0000000080000000, 0x0000000100000000)
  region size 1024K, 87 young (89088K), 2 survivors (2048K)
 Metaspace       used 158534K, committed 160768K, reserved 1245184K
  class space    used 20744K, committed 21824K, reserved 1048576K
}
Event: 122.784 GC heap after
{Heap after GC invocations=109 (full 0):
 garbage-first heap   total 314368K, used 190094K [0x0000000080000000, 0x0000000100000000)
  region size 1024K, 5 young (5120K), 5 survivors (5120K)
 Metaspace       used 158534K, committed 160768K, reserved 1245184K
  class space    used 20744K, committed 21824K, reserved 1048576K
}
Event: 128.262 GC heap before
{Heap before GC invocations=109 (full 0):
 garbage-first heap   total 314368K, used 290446K [0x0000000080000000, 0x0000000100000000)
  region size 1024K, 103 young (105472K), 5 survivors (5120K)
 Metaspace       used 158831K, committed 161088K, reserved 1245184K
  class space    used 20744K, committed 21824K, reserved 1048576K
}
Event: 128.293 GC heap after
{Heap after GC invocations=110 (full 0):
 garbage-first heap   total 314368K, used 193626K [0x0000000080000000, 0x0000000100000000)
  region size 1024K, 12 young (12288K), 12 survivors (12288K)
 Metaspace       used 158831K, committed 161088K, reserved 1245184K
  class space    used 20744K, committed 21824K, reserved 1048576K
}
Event: 132.389 GC heap before
{Heap before GC invocations=110 (full 0):
 garbage-first heap   total 314368K, used 284762K [0x0000000080000000, 0x0000000100000000)
  region size 1024K, 101 young (103424K), 12 survivors (12288K)
 Metaspace       used 160698K, committed 162944K, reserved 1245184K
  class space    used 20822K, committed 21888K, reserved 1048576K
}
Event: 132.421 GC heap after
{Heap after GC invocations=111 (full 0):
 garbage-first heap   total 314368K, used 201642K [0x0000000080000000, 0x0000000100000000)
  region size 1024K, 11 young (11264K), 11 survivors (11264K)
 Metaspace       used 160698K, committed 162944K, reserved 1245184K
  class space    used 20822K, committed 21888K, reserved 1048576K
}

