# JRE version: OpenJDK Runtime Environment (21.0.8) (build 21.0.8+-14196175-b1038.72)
# Java VM: OpenJDK 64-Bit Server VM (21.0.8+-14196175-b1038.72, mixed mode, tiered, compressed oops, compressed class ptrs, g1 gc, windows-amd64)
GC Precious Log:
 CardTable entry size: 512
 Card Set container configuration: InlinePtr #cards 5 size 8 Array Of Cards #cards 12 size 40 Howl #buckets 4 coarsen threshold 1843 Howl Bitmap #cards 512 size 80 coarsen threshold 460 Card regions per heap region 1 cards per card region 2048
 CPUs: 12 total, 12 available
 Memory: 7916M
 Large Page Support: Disabled
 NUMA Support: Disabled
 Compressed Oops: Enabled (32-bit)
 Heap Region Size: 1M
 Heap Min Capacity: 8M
 Heap Initial Capacity: 124M
 Heap Max Capacity: 2G
 Pre-touch: Disabled
 Parallel Workers: 10
 Concurrent Workers: 3
 Concurrent Refinement Workers: 10
 Periodic GC: Disabled
Heap:
 garbage-first heap   total 148480K, used 99005K [0x0000000080000000, 0x0000000100000000)
  region size 1024K, 3 young (3072K), 2 survivors (2048K)
 Metaspace       used 79813K, committed 81536K, reserved 1179648K
  class space    used 11050K, committed 11840K, reserved 1048576K
GC Heap History (20 events):
Event: 7.331 GC heap before
{Heap before GC invocations=14 (full 0):
 garbage-first heap   total 115712K, used 99283K [0x0000000080000000, 0x0000000100000000)
  region size 1024K, 35 young (35840K), 5 survivors (5120K)
 Metaspace       used 56154K, committed 57536K, reserved 1114112K
  class space    used 7847K, committed 8512K, reserved 1048576K
}
Event: 7.336 GC heap after
{Heap after GC invocations=15 (full 0):
 garbage-first heap   total 115712K, used 70343K [0x0000000080000000, 0x0000000100000000)
  region size 1024K, 5 young (5120K), 5 survivors (5120K)
 Metaspace       used 56154K, committed 57536K, reserved 1114112K
  class space    used 7847K, committed 8512K, reserved 1048576K
}
Event: 7.492 GC heap before
{Heap before GC invocations=16 (full 0):
 garbage-first heap   total 119808K, used 101063K [0x0000000080000000, 0x0000000100000000)
  region size 1024K, 35 young (35840K), 5 survivors (5120K)
 Metaspace       used 56212K, committed 57600K, reserved 1114112K
  class space    used 7847K, committed 8512K, reserved 1048576K
}
Event: 7.497 GC heap after
{Heap after GC invocations=17 (full 0):
 garbage-first heap   total 119808K, used 71891K [0x0000000080000000, 0x0000000100000000)
  region size 1024K, 4 young (4096K), 4 survivors (4096K)
 Metaspace       used 56212K, committed 57600K, reserved 1114112K
  class space    used 7847K, committed 8512K, reserved 1048576K
}
Event: 7.603 GC heap before
{Heap before GC invocations=17 (full 0):
 garbage-first heap   total 119808K, used 105683K [0x0000000080000000, 0x0000000100000000)
  region size 1024K, 37 young (37888K), 4 survivors (4096K)
 Metaspace       used 56247K, committed 57600K, reserved 1114112K
  class space    used 7849K, committed 8512K, reserved 1048576K
}
Event: 7.608 GC heap after
{Heap after GC invocations=18 (full 0):
 garbage-first heap   total 144384K, used 72262K [0x0000000080000000, 0x0000000100000000)
  region size 1024K, 3 young (3072K), 3 survivors (3072K)
 Metaspace       used 56247K, committed 57600K, reserved 1114112K
  class space    used 7849K, committed 8512K, reserved 1048576K
}
Event: 7.756 GC heap before
{Heap before GC invocations=18 (full 0):
 garbage-first heap   total 144384K, used 123462K [0x0000000080000000, 0x0000000100000000)
  region size 1024K, 53 young (54272K), 3 survivors (3072K)
 Metaspace       used 56363K, committed 57664K, reserved 1114112K
  class space    used 7873K, committed 8512K, reserved 1048576K
}
Event: 7.760 GC heap after
{Heap after GC invocations=19 (full 0):
 garbage-first heap   total 144384K, used 73505K [0x0000000080000000, 0x0000000100000000)
  region size 1024K, 4 young (4096K), 4 survivors (4096K)
 Metaspace       used 56363K, committed 57664K, reserved 1114112K
  class space    used 7873K, committed 8512K, reserved 1048576K
}
Event: 8.119 GC heap before
{Heap before GC invocations=20 (full 0):
 garbage-first heap   total 144384K, used 127777K [0x0000000080000000, 0x0000000100000000)
  region size 1024K, 57 young (58368K), 4 survivors (4096K)
 Metaspace       used 58715K, committed 60032K, reserved 1114112K
  class space    used 8128K, committed 8768K, reserved 1048576K
}
Event: 8.125 GC heap after
{Heap after GC invocations=21 (full 0):
 garbage-first heap   total 144384K, used 75976K [0x0000000080000000, 0x0000000100000000)
  region size 1024K, 6 young (6144K), 6 survivors (6144K)
 Metaspace       used 58715K, committed 60032K, reserved 1114112K
  class space    used 8128K, committed 8768K, reserved 1048576K
}
Event: 8.721 GC heap before
{Heap before GC invocations=21 (full 0):
 garbage-first heap   total 144384K, used 137416K [0x0000000080000000, 0x0000000100000000)
  region size 1024K, 58 young (59392K), 6 survivors (6144K)
 Metaspace       used 61732K, committed 63168K, reserved 1114112K
  class space    used 8412K, committed 9088K, reserved 1048576K
}
Event: 8.726 GC heap after
{Heap after GC invocations=22 (full 0):
 garbage-first heap   total 147456K, used 84487K [0x0000000080000000, 0x0000000100000000)
  region size 1024K, 6 young (6144K), 6 survivors (6144K)
 Metaspace       used 61732K, committed 63168K, reserved 1114112K
  class space    used 8412K, committed 9088K, reserved 1048576K
}
Event: 9.324 GC heap before
{Heap before GC invocations=22 (full 0):
 garbage-first heap   total 147456K, used 132615K [0x0000000080000000, 0x0000000100000000)
  region size 1024K, 53 young (54272K), 6 survivors (6144K)
 Metaspace       used 66030K, committed 67648K, reserved 1114112K
  class space    used 9214K, committed 9984K, reserved 1048576K
}
Event: 9.330 GC heap after
{Heap after GC invocations=23 (full 0):
 garbage-first heap   total 147456K, used 87722K [0x0000000080000000, 0x0000000100000000)
  region size 1024K, 6 young (6144K), 6 survivors (6144K)
 Metaspace       used 66030K, committed 67648K, reserved 1114112K
  class space    used 9214K, committed 9984K, reserved 1048576K
}
Event: 10.707 GC heap before
{Heap before GC invocations=24 (full 0):
 garbage-first heap   total 148480K, used 131754K [0x0000000080000000, 0x0000000100000000)
  region size 1024K, 49 young (50176K), 6 survivors (6144K)
 Metaspace       used 74535K, committed 76224K, reserved 1114112K
  class space    used 10403K, committed 11200K, reserved 1048576K
}
Event: 10.716 GC heap after
{Heap after GC invocations=25 (full 0):
 garbage-first heap   total 148480K, used 91895K [0x0000000080000000, 0x0000000100000000)
  region size 1024K, 7 young (7168K), 7 survivors (7168K)
 Metaspace       used 74535K, committed 76224K, reserved 1114112K
  class space    used 10403K, committed 11200K, reserved 1048576K
}
Event: 11.541 GC heap before
{Heap before GC invocations=25 (full 0):
 garbage-first heap   total 148480K, used 131831K [0x0000000080000000, 0x0000000100000000)
  region size 1024K, 47 young (48128K), 7 survivors (7168K)
 Metaspace       used 77357K, committed 78976K, reserved 1179648K
  class space    used 10733K, committed 11520K, reserved 1048576K
}
Event: 11.548 GC heap after
{Heap after GC invocations=26 (full 0):
 garbage-first heap   total 148480K, used 95232K [0x0000000080000000, 0x0000000100000000)
  region size 1024K, 4 young (4096K), 4 survivors (4096K)
 Metaspace       used 77357K, committed 78976K, reserved 1179648K
  class space    used 10733K, committed 11520K, reserved 1048576K
}
Event: 11.756 GC heap before
{Heap before GC invocations=26 (full 0):
 garbage-first heap   total 148480K, used 115712K [0x0000000080000000, 0x0000000100000000)
  region size 1024K, 25 young (25600K), 4 survivors (4096K)
 Metaspace       used 79867K, committed 81536K, reserved 1179648K
  class space    used 11064K, committed 11840K, reserved 1048576K
}
Event: 11.761 GC heap after
{Heap after GC invocations=27 (full 0):
 garbage-first heap   total 148480K, used 96957K [0x0000000080000000, 0x0000000100000000)
  region size 1024K, 2 young (2048K), 2 survivors (2048K)
 Metaspace       used 79867K, committed 81536K, reserved 1179648K
  class space    used 11064K, committed 11840K, reserved 1048576K
}

