# JRE version: OpenJDK Runtime Environment (21.0.8) (build 21.0.8+-14196175-b1038.72)
# Java VM: OpenJDK 64-Bit Server VM (21.0.8+-14196175-b1038.72, mixed mode, tiered, compressed oops, compressed class ptrs, g1 gc, windows-amd64)
GC Precious Log:
 CardTable entry size: 512
 Card Set container configuration: InlinePtr #cards 5 size 8 Array Of Cards #cards 12 size 40 Howl #buckets 4 coarsen threshold 1843 Howl Bitmap #cards 512 size 80 coarsen threshold 460 Card regions per heap region 1 cards per card region 2048
 CPUs: 12 total, 12 available
 Memory: 7916M
 Large Page Support: Disabled
 NUMA Support: Disabled
 Compressed Oops: Enabled (32-bit)
 Heap Region Size: 1M
 Heap Min Capacity: 8M
 Heap Initial Capacity: 124M
 Heap Max Capacity: 2G
 Pre-touch: Disabled
 Parallel Workers: 10
 Concurrent Workers: 3
 Concurrent Refinement Workers: 10
 Periodic GC: Disabled
Heap:
 garbage-first heap   total 142336K, used 94530K [0x0000000080000000, 0x0000000100000000)
  region size 1024K, 12 young (12288K), 3 survivors (3072K)
 Metaspace       used 66463K, committed 68032K, reserved 1114112K
  class space    used 9284K, committed 10048K, reserved 1048576K
GC Heap History (20 events):
Event: 4.432 GC heap before
{Heap before GC invocations=9 (full 0):
 garbage-first heap   total 89088K, used 81438K [0x0000000080000000, 0x0000000100000000)
  region size 1024K, 25 young (25600K), 1 survivors (1024K)
 Metaspace       used 36980K, committed 37888K, reserved 1114112K
  class space    used 5223K, committed 5632K, reserved 1048576K
}
Event: 4.434 GC heap after
{Heap after GC invocations=10 (full 0):
 garbage-first heap   total 89088K, used 60770K [0x0000000080000000, 0x0000000100000000)
  region size 1024K, 4 young (4096K), 4 survivors (4096K)
 Metaspace       used 36980K, committed 37888K, reserved 1114112K
  class space    used 5223K, committed 5632K, reserved 1048576K
}
Event: 4.679 GC heap before
{Heap before GC invocations=10 (full 0):
 garbage-first heap   total 89088K, used 79202K [0x0000000080000000, 0x0000000100000000)
  region size 1024K, 22 young (22528K), 4 survivors (4096K)
 Metaspace       used 39336K, committed 40320K, reserved 1114112K
  class space    used 5627K, committed 6080K, reserved 1048576K
}
Event: 4.683 GC heap after
{Heap after GC invocations=11 (full 0):
 garbage-first heap   total 89088K, used 60870K [0x0000000080000000, 0x0000000100000000)
  region size 1024K, 1 young (1024K), 1 survivors (1024K)
 Metaspace       used 39336K, committed 40320K, reserved 1114112K
  class space    used 5627K, committed 6080K, reserved 1048576K
}
Event: 5.019 GC heap before
{Heap before GC invocations=11 (full 0):
 garbage-first heap   total 89088K, used 81350K [0x0000000080000000, 0x0000000100000000)
  region size 1024K, 22 young (22528K), 1 survivors (1024K)
 Metaspace       used 43242K, committed 44352K, reserved 1114112K
  class space    used 6143K, committed 6656K, reserved 1048576K
}
Event: 5.023 GC heap after
{Heap after GC invocations=12 (full 0):
 garbage-first heap   total 89088K, used 62569K [0x0000000080000000, 0x0000000100000000)
  region size 1024K, 3 young (3072K), 3 survivors (3072K)
 Metaspace       used 43242K, committed 44352K, reserved 1114112K
  class space    used 6143K, committed 6656K, reserved 1048576K
}
Event: 5.427 GC heap before
{Heap before GC invocations=13 (full 0):
 garbage-first heap   total 106496K, used 77929K [0x0000000080000000, 0x0000000100000000)
  region size 1024K, 19 young (19456K), 3 survivors (3072K)
 Metaspace       used 47252K, committed 48384K, reserved 1114112K
  class space    used 6578K, committed 7104K, reserved 1048576K
}
Event: 5.432 GC heap after
{Heap after GC invocations=14 (full 0):
 garbage-first heap   total 106496K, used 65112K [0x0000000080000000, 0x0000000100000000)
  region size 1024K, 3 young (3072K), 3 survivors (3072K)
 Metaspace       used 47252K, committed 48384K, reserved 1114112K
  class space    used 6578K, committed 7104K, reserved 1048576K
}
Event: 5.718 GC heap before
{Heap before GC invocations=14 (full 0):
 garbage-first heap   total 106496K, used 96856K [0x0000000080000000, 0x0000000100000000)
  region size 1024K, 30 young (30720K), 3 survivors (3072K)
 Metaspace       used 48832K, committed 49984K, reserved 1114112K
  class space    used 6678K, committed 7232K, reserved 1048576K
}
Event: 5.722 GC heap after
{Heap after GC invocations=15 (full 0):
 garbage-first heap   total 106496K, used 66487K [0x0000000080000000, 0x0000000100000000)
  region size 1024K, 4 young (4096K), 4 survivors (4096K)
 Metaspace       used 48832K, committed 49984K, reserved 1114112K
  class space    used 6678K, committed 7232K, reserved 1048576K
}
Event: 6.159 GC heap before
{Heap before GC invocations=15 (full 0):
 garbage-first heap   total 106496K, used 95159K [0x0000000080000000, 0x0000000100000000)
  region size 1024K, 32 young (32768K), 4 survivors (4096K)
 Metaspace       used 52562K, committed 53824K, reserved 1114112K
  class space    used 7263K, committed 7872K, reserved 1048576K
}
Event: 6.166 GC heap after
{Heap after GC invocations=16 (full 0):
 garbage-first heap   total 128000K, used 68630K [0x0000000080000000, 0x0000000100000000)
  region size 1024K, 3 young (3072K), 3 survivors (3072K)
 Metaspace       used 52562K, committed 53824K, reserved 1114112K
  class space    used 7263K, committed 7872K, reserved 1048576K
}
Event: 7.087 GC heap before
{Heap before GC invocations=17 (full 0):
 garbage-first heap   total 128000K, used 116758K [0x0000000080000000, 0x0000000100000000)
  region size 1024K, 41 young (41984K), 3 survivors (3072K)
 Metaspace       used 55700K, committed 57152K, reserved 1114112K
  class space    used 7605K, committed 8320K, reserved 1048576K
}
Event: 7.093 GC heap after
{Heap after GC invocations=18 (full 0):
 garbage-first heap   total 128000K, used 78680K [0x0000000080000000, 0x0000000100000000)
  region size 1024K, 5 young (5120K), 5 survivors (5120K)
 Metaspace       used 55700K, committed 57152K, reserved 1114112K
  class space    used 7605K, committed 8320K, reserved 1048576K
}
Event: 8.106 GC heap before
{Heap before GC invocations=18 (full 0):
 garbage-first heap   total 128000K, used 112472K [0x0000000080000000, 0x0000000100000000)
  region size 1024K, 39 young (39936K), 5 survivors (5120K)
 Metaspace       used 59561K, committed 61120K, reserved 1114112K
  class space    used 8299K, committed 9024K, reserved 1048576K
}
Event: 8.112 GC heap after
{Heap after GC invocations=19 (full 0):
 garbage-first heap   total 128000K, used 81002K [0x0000000080000000, 0x0000000100000000)
  region size 1024K, 3 young (3072K), 3 survivors (3072K)
 Metaspace       used 59561K, committed 61120K, reserved 1114112K
  class space    used 8299K, committed 9024K, reserved 1048576K
}
Event: 9.236 GC heap before
{Heap before GC invocations=19 (full 0):
 garbage-first heap   total 128000K, used 114794K [0x0000000080000000, 0x0000000100000000)
  region size 1024K, 36 young (36864K), 3 survivors (3072K)
 Metaspace       used 62877K, committed 64512K, reserved 1114112K
  class space    used 8801K, committed 9600K, reserved 1048576K
}
Event: 9.241 GC heap after
{Heap after GC invocations=20 (full 0):
 garbage-first heap   total 128000K, used 84043K [0x0000000080000000, 0x0000000100000000)
  region size 1024K, 5 young (5120K), 5 survivors (5120K)
 Metaspace       used 62877K, committed 64512K, reserved 1114112K
  class space    used 8801K, committed 9600K, reserved 1048576K
}
Event: 11.448 GC heap before
{Heap before GC invocations=21 (full 0):
 garbage-first heap   total 142336K, used 112715K [0x0000000080000000, 0x0000000100000000)
  region size 1024K, 34 young (34816K), 5 survivors (5120K)
 Metaspace       used 65146K, committed 66752K, reserved 1114112K
  class space    used 9102K, committed 9856K, reserved 1048576K
}
Event: 11.455 GC heap after
{Heap after GC invocations=22 (full 0):
 garbage-first heap   total 142336K, used 86338K [0x0000000080000000, 0x0000000100000000)
  region size 1024K, 3 young (3072K), 3 survivors (3072K)
 Metaspace       used 65146K, committed 66752K, reserved 1114112K
  class space    used 9102K, committed 9856K, reserved 1048576K
}

